Build started 8/13/2020 3:20:29 PM.
     1>Project "D:\ComproSec1\Exam1\Exam1\Exam1.vcxproj" on node 2 (build target(s)).
     1>InitializeBuildStatus:
         Touching "Debug\Exam1.unsuccessfulbuild".
       ClCompile:
         C:\Program Files (x86)\Microsoft Visual Studio 10.0\VC\bin\CL.exe /c /ZI /nologo /W3 /WX- /Od /Oy- /D WIN32 /D _DEBUG /D _CONSOLE /D _UNICODE /D UNICODE /Gm /EHsc /RTC1 /MDd /GS /fp:precise /Zc:wchar_t /Zc:forScope /Fo"Debug\\" /Fd"Debug\vc100.pdb" /Gd /TP /analyze- /errorReport:prompt Exam1.cpp
         Exam1.cpp
     1>d:\comprosec1\exam1\exam1\exam1.cpp(29): warning C4244: 'argument' : conversion from 'int' to 'float', possible loss of data
     1>d:\comprosec1\exam1\exam1\exam1.cpp(39): warning C4244: '=' : conversion from 'int' to 'float', possible loss of data
     1>d:\comprosec1\exam1\exam1\exam1.cpp(45): warning C4244: 'return' : conversion from 'double' to 'float', possible loss of data
       ManifestResourceCompile:
         All outputs are up-to-date.
       Link:
         C:\Program Files (x86)\Microsoft Visual Studio 10.0\VC\bin\link.exe /ERRORREPORT:PROMPT /OUT:"D:\ComproSec1\Exam1\Debug\Exam1.exe" /INCREMENTAL /NOLOGO kernel32.lib user32.lib gdi32.lib winspool.lib comdlg32.lib advapi32.lib shell32.lib ole32.lib oleaut32.lib uuid.lib odbc32.lib odbccp32.lib /MANIFEST /ManifestFile:"Debug\Exam1.exe.intermediate.manifest" /MANIFESTUAC:"level='asInvoker' uiAccess='false'" /DEBUG /PDB:"D:\ComproSec1\Exam1\Debug\Exam1.pdb" /SUBSYSTEM:CONSOLE /TLBID:1 /DYNAMICBASE /NXCOMPAT /IMPLIB:"D:\ComproSec1\Exam1\Debug\Exam1.lib" /MACHINE:X86 Debug\Exam1.exe.embed.manifest.res
         Debug\Exam1.obj
     1>Exam1.obj : error LNK2019: unresolved external symbol "float __cdecl areaCir(float)" (?areaCir@@YAMM@Z) referenced in function _main
     1>D:\ComproSec1\Exam1\Debug\Exam1.exe : fatal error LNK1120: 1 unresolved externals
     1>Done Building Project "D:\ComproSec1\Exam1\Exam1\Exam1.vcxproj" (build target(s)) -- FAILED.

Build FAILED.

Time Elapsed 00:00:00.49
